{"ts":"2025-12-05T14:35:17.647Z","level":"error","action":"sollicitatie_error","message":"Fout bij opslaan sollicitatie","context":{"error":"Table 'match.sollicitaties' doesn't exist"}}
{"ts":"2025-12-05T14:35:20.721Z","level":"error","action":"sollicitatie_error","message":"Fout bij opslaan sollicitatie","context":{"error":"Table 'match.sollicitaties' doesn't exist"}}
{"ts":"2025-12-05T14:49:22.115Z","level":"error","action":"sollicitatie_error","message":"Fout bij opslaan sollicitatie","context":{"error":"Table 'match.sollicitaties' doesn't exist"}}
{"ts":"2025-12-05T14:50:19.256Z","level":"info","action":"bootstrap_ok","message":"Schema bootstrap afgerond","context":null}
{"ts":"2025-12-05T15:44:14.519Z","level":"info","action":"bootstrap_ok","message":"Schema bootstrap afgerond","context":null}
{"ts":"2025-12-05T15:46:18.745Z","level":"info","action":"bootstrap_ok","message":"Schema bootstrap afgerond","context":null}
{"ts":"2025-12-16T13:20:10.684Z","level":"info","action":"bootstrap_ok","message":"Schema bootstrap afgerond","context":null}
{"ts":"2025-12-16T13:20:21.179Z","level":"info","action":"bootstrap_ok","message":"Schema bootstrap afgerond","context":null}
{"ts":"2025-12-16T13:21:10.972Z","level":"info","action":"sollicitatie_created","message":"Nieuwe sollicitatie opgeslagen","context":{"sollicitatieId":1,"werknemer_id":36,"werkgever_id":40,"vacancy_id":11}}
{"ts":"2025-12-16T13:21:11.083Z","level":"info","action":"message_created","message":"Message 1 created","context":{"receiver_user_id":36,"sender_user_id":40,"type":"sollicitatie_bevestiging","related_id":1}}
{"ts":"2025-12-16T13:21:11.128Z","level":"info","action":"message_created","message":"Message 2 created","context":{"receiver_user_id":40,"sender_user_id":36,"type":"sollicitatie_notificatie","related_id":1}}
{"ts":"2025-12-16T13:21:11.151Z","level":"info","action":"sollicitatie_event_processed","message":"Berichten aangemaakt na sollicitatie","context":{"sollicitatieId":1}}
{"ts":"2025-12-16T13:21:22.080Z","level":"info","action":"message_mark","message":"Message read/unread toggled","context":{"id":1,"userId":36,"read":true}}
{"ts":"2025-12-16T13:23:54.385Z","level":"info","action":"sollicitatie_created","message":"Nieuwe sollicitatie opgeslagen","context":{"sollicitatieId":2,"werknemer_id":36,"werkgever_id":32,"vacancy_id":9}}
{"ts":"2025-12-16T13:23:54.453Z","level":"info","action":"message_created","message":"Message 3 created","context":{"receiver_user_id":36,"sender_user_id":32,"type":"sollicitatie_bevestiging","related_id":2}}
{"ts":"2025-12-16T13:23:54.499Z","level":"info","action":"message_created","message":"Message 4 created","context":{"receiver_user_id":32,"sender_user_id":36,"type":"sollicitatie_notificatie","related_id":2}}
{"ts":"2025-12-16T13:23:54.523Z","level":"info","action":"sollicitatie_event_processed","message":"Berichten aangemaakt na sollicitatie","context":{"sollicitatieId":2}}
{"ts":"2025-12-16T13:24:05.175Z","level":"info","action":"message_mark","message":"Message read/unread toggled","context":{"id":3,"userId":36,"read":true}}
{"ts":"2025-12-16T13:39:26.235Z","level":"info","action":"bootstrap_ok","message":"Schema bootstrap afgerond","context":null}
{"ts":"2025-12-16T13:40:21.723Z","level":"info","action":"bootstrap_ok","message":"Schema bootstrap afgerond","context":null}
{"ts":"2025-12-16T13:59:52.187Z","level":"info","action":"bootstrap_ok","message":"Schema bootstrap afgerond","context":null}
{"ts":"2025-12-16T14:02:34.578Z","level":"info","action":"sollicitatie_created","message":"Nieuwe sollicitatie opgeslagen","context":{"sollicitatieId":3,"werknemer_id":36,"werkgever_id":23,"vacancy_id":6}}
{"ts":"2025-12-16T14:02:34.693Z","level":"info","action":"message_created","message":"Message 5 created","context":{"receiver_user_id":36,"sender_user_id":23,"type":"sollicitatie_bevestiging","related_id":3}}
{"ts":"2025-12-16T14:02:34.765Z","level":"info","action":"message_created","message":"Message 6 created","context":{"receiver_user_id":23,"sender_user_id":36,"type":"sollicitatie_notificatie","related_id":3}}
{"ts":"2025-12-16T14:02:34.789Z","level":"info","action":"sollicitatie_event_processed","message":"Berichten aangemaakt na sollicitatie","context":{"sollicitatieId":3}}
{"ts":"2025-12-16T14:02:40.706Z","level":"info","action":"message_mark","message":"Message read/unread toggled","context":{"id":5,"userId":36,"read":true}}
{"ts":"2025-12-16T19:30:00.326Z","level":"info","action":"bootstrap_ok","message":"Schema bootstrap afgerond","context":null}
{"ts":"2025-12-16T19:32:47.107Z","level":"info","action":"sollicitatie_created","message":"Nieuwe sollicitatie opgeslagen","context":{"sollicitatieId":6,"werknemer_id":36,"werkgever_id":22,"vacancy_id":5}}
{"ts":"2025-12-16T19:32:47.244Z","level":"info","action":"message_created","message":"Message 11 created","context":{"receiver_user_id":36,"sender_user_id":22,"type":"sollicitatie_bevestiging","related_id":6}}
{"ts":"2025-12-16T19:32:47.332Z","level":"info","action":"message_created","message":"Message 12 created","context":{"receiver_user_id":22,"sender_user_id":36,"type":"sollicitatie_notificatie","related_id":6}}
{"ts":"2025-12-16T19:32:47.359Z","level":"info","action":"sollicitatie_event_processed","message":"Berichten aangemaakt na sollicitatie","context":{"sollicitatieId":6}}
{"ts":"2025-12-16T19:32:58.802Z","level":"info","action":"message_mark","message":"Message read/unread toggled","context":{"id":11,"userId":36,"read":true}}
{"ts":"2025-12-16T19:37:20.359Z","level":"info","action":"sollicitatie_created","message":"Nieuwe sollicitatie opgeslagen","context":{"sollicitatieId":7,"werknemer_id":36,"werkgever_id":55,"vacancy_id":12}}
{"ts":"2025-12-16T19:37:20.492Z","level":"info","action":"message_created","message":"Message 13 created","context":{"receiver_user_id":36,"sender_user_id":55,"type":"sollicitatie_bevestiging","related_id":7}}
{"ts":"2025-12-16T19:37:20.549Z","level":"info","action":"message_created","message":"Message 14 created","context":{"receiver_user_id":55,"sender_user_id":36,"type":"sollicitatie_notificatie","related_id":7}}
{"ts":"2025-12-16T19:37:20.578Z","level":"info","action":"sollicitatie_event_processed","message":"Berichten aangemaakt na sollicitatie","context":{"sollicitatieId":7}}
{"ts":"2025-12-16T19:37:33.360Z","level":"info","action":"message_mark","message":"Message read/unread toggled","context":{"id":13,"userId":36,"read":true}}
{"ts":"2025-12-16T19:38:38.116Z","level":"info","action":"message_mark","message":"Message read/unread toggled","context":{"id":14,"userId":55,"read":true}}
{"ts":"2025-12-16T23:01:49.315Z","level":"info","action":"bootstrap_ok","message":"Schema bootstrap afgerond","context":null}
{"ts":"2025-12-17T08:18:06.360Z","level":"info","action":"bootstrap_ok","message":"Schema bootstrap afgerond","context":null}
{"ts":"2025-12-17T08:19:17.433Z","level":"info","action":"bootstrap_ok","message":"Schema bootstrap afgerond","context":null}
{"ts":"2025-12-17T08:41:33.501Z","level":"info","action":"sollicitatie_created","message":"Nieuwe sollicitatie opgeslagen","context":{"sollicitatieId":9,"werknemer_id":36,"werkgever_id":19,"vacancy_id":14}}
{"ts":"2025-12-17T08:41:33.619Z","level":"info","action":"message_created","message":"Message 17 created","context":{"receiver_user_id":36,"sender_user_id":19,"type":"sollicitatie_bevestiging","related_id":9}}
{"ts":"2025-12-17T08:41:33.687Z","level":"info","action":"message_created","message":"Message 18 created","context":{"receiver_user_id":19,"sender_user_id":36,"type":"sollicitatie_notificatie","related_id":9}}
{"ts":"2025-12-17T08:41:33.713Z","level":"info","action":"sollicitatie_event_processed","message":"Berichten aangemaakt na sollicitatie","context":{"sollicitatieId":9}}
{"ts":"2025-12-17T08:48:52.818Z","level":"info","action":"sollicitatie_created","message":"Nieuwe sollicitatie opgeslagen","context":{"sollicitatieId":10,"werknemer_id":36,"werkgever_id":19,"vacancy_id":16}}
{"ts":"2025-12-17T08:48:52.932Z","level":"info","action":"message_created","message":"Message 19 created","context":{"receiver_user_id":36,"sender_user_id":19,"type":"sollicitatie_bevestiging","related_id":10}}
{"ts":"2025-12-17T08:48:53.002Z","level":"info","action":"message_created","message":"Message 20 created","context":{"receiver_user_id":19,"sender_user_id":36,"type":"sollicitatie_notificatie","related_id":10}}
{"ts":"2025-12-17T08:48:53.027Z","level":"info","action":"sollicitatie_event_processed","message":"Berichten aangemaakt na sollicitatie","context":{"sollicitatieId":10}}
{"ts":"2025-12-17T08:49:24.235Z","level":"info","action":"message_mark","message":"Message read/unread toggled","context":{"id":19,"userId":36,"read":true}}
{"ts":"2025-12-17T08:53:43.482Z","level":"info","action":"message_mark","message":"Message read/unread toggled","context":{"id":17,"userId":36,"read":true}}
{"ts":"2026-01-05T13:37:46.141Z","level":"info","action":"bootstrap_ok","message":"Schema bootstrap afgerond","context":null}
{"ts":"2026-01-12T13:09:52.411Z","level":"info","action":"bootstrap_ok","message":"Schema bootstrap afgerond","context":null}
{"ts":"2026-01-14T10:58:03.113Z","level":"info","action":"bootstrap_ok","message":"Schema bootstrap afgerond","context":null}
{"ts":"2026-01-14T14:30:58.072Z","level":"info","action":"bootstrap_ok","message":"Schema bootstrap afgerond","context":null}
{"ts":"2026-01-15T19:41:29.838Z","level":"info","action":"bootstrap_ok","message":"Schema bootstrap afgerond","context":null}
{"ts":"2026-01-15T20:05:22.230Z","level":"info","action":"bootstrap_ok","message":"Schema bootstrap afgerond","context":null}
{"ts":"2026-01-16T12:33:04.526Z","level":"info","action":"bootstrap_ok","message":"Schema bootstrap afgerond","context":null}
{"ts":"2026-01-16T13:50:38.580Z","level":"info","action":"bootstrap_ok","message":"Schema bootstrap afgerond","context":null}
{"ts":"2026-01-20T10:18:13.000Z","level":"info","action":"bootstrap_ok","message":"Schema bootstrap afgerond","context":null}
